[INFO][21-09-09][org.slu.server.ServerThread]client:select
[INFO][21-09-09][org.slu.server.ServerThread]server:Demo(qqAcc=8888, goldCoin=8888)Demo(qqAcc=9900, goldCoin=10000)
[INFO][21-09-21][org.slu.server.ServerThread]client:865538395 pray
[INFO][21-09-21][org.slu.server.ServerThread]server:
hello:
1 C*1
3 C*3
1 S女装群主*1
2 S群主不女装*2
1 C*1
1 B*1
3 B*3
1 C*1
3 A*3
3 C*3

[INFO][21-09-21][org.slu.server.ServerThread]client:865538395 pray 10
[INFO][21-09-21][org.slu.server.ServerThread]server:
hello:
2 B*2
3 C*3
3 C*1
3 C*2
3 C*2
3 C*3
3 C*2
3 C*3
3 C*2
1 A*3

[INFO][21-09-21][org.slu.server.ServerThread]client:865538395 pray
[INFO][21-09-21][org.slu.server.ServerThread]server:
hello:
2 B*1
0 女装群主*1
2 B*1
2 B*1
0 群主女装*3
3 C*2
3 C*3
0 群主不女装*3
3 C*1
1 A*2

[INFO][21-09-21][org.slu.server.ServerThread]client:865538395 pray 10
[INFO][21-09-21][org.slu.server.ServerThread]server:
hello:
C C*2
B B*1
C C*1
C C*3
B B*1
C C*3
C C*3
C C*3
C C*1
C C*3

[INFO][21-09-21][org.slu.server.ServerThread]client:865538395 pray
[INFO][21-09-21][org.slu.server.ServerThread]server:
hello:
B B*1
C C*2
A A*2
C C*3
S 女装群主*2
A A*3
B B*2
B B*3
B B*1
S 群主不女装*1

[INFO][21-09-21][org.slu.server.ServerThread]client:865538395 pray 10
[INFO][21-09-21][org.slu.server.ServerThread]server:
hello:
A·A*3
B·B*3
S·女装群主*2
C·C*3
S·女装群主*1
C·C*1
C·C*3
A·A*2
B·B*2
C·C*2

[INFO][21-09-21][org.slu.server.ServerThread]client:13523443 version
[INFO][21-09-21][org.slu.server.ServerThread]server:
13523443:
1.2.2-SNAPSHOT
[INFO][21-09-21][org.slu.server.ServerThread]client:13523443 setname hello
[INFO][21-09-21][org.slu.server.ServerThread]server:
hello:
成功
[INFO][21-09-21][org.slu.server.ServerThread]client:13523443 sign
[INFO][21-09-21][org.slu.server.ServerThread]client:865538395 pray
[INFO][21-09-21][org.slu.server.ServerThread]server:
hello:
C·小红花*3
B·凤雏*3
B·卧龙*3
B·八皇后*2
A·法海[大威天龙]*1
C·小红花*2
C·小蒜苗*2
A·马保国[武林高手]*3
S·女装群主*2
B·二叉树*3

[INFO][21-09-21][org.slu.server.ServerThread]client:865538395 pray
[INFO][21-09-21][org.slu.server.ServerThread]server:
hello:
C·小蒜苗*3
S·女装群主*2
B·二叉树*2
C·小蒜苗*2
C·小蒜苗*3
C·小蒜苗*1
C·小红花*2
C·小蒜苗*1
A·法海[大威天龙]*1
A·长哥[夏日泳装]*2

[INFO][21-09-21][org.slu.server.ServerThread]client:865538395 pray
[INFO][21-09-21][org.slu.server.ServerThread]server:
hello:
S·女装群主*1
B·卧龙*1
B·卧龙*2
B·卧龙*3
S·群主女装*2
B·凤雏*2
B·八皇后*1
B·二叉树*3
C·小蒜苗*1
B·二叉树*1

